Using pre-set license
Built from '2022.3/staging' branch; Version is '2022.3.19f1 (244b723c30a6) revision 2378610'; Using compiler version '192829333'; Build Type 'Release'
OS: 'Windows 11  (10.0.22631) 64bit Core' Language: 'en' Physical Memory: 16094 MB
BatchMode: 1, IsHumanControllingUs: 0, StartBugReporterOnCrash: 0, Is64bit: 1, IsPro: 1

COMMAND LINE ARGUMENTS:
C:\Program Files\Unity\Hub\Editor\2022.3.19f1\Editor\Unity.exe
-adb2
-batchMode
-noUpm
-name
AssetImportWorker0
-projectPath
C:/Users/geova/Documents/GitHub/GameDesignTwo
-logFile
Logs/AssetImportWorker0.log
-srvPort
52957
Successfully changed project path to: C:/Users/geova/Documents/GitHub/GameDesignTwo
C:/Users/geova/Documents/GitHub/GameDesignTwo
[UnityMemory] Configuration Parameters - Can be set up in boot.config
    "memorysetup-bucket-allocator-granularity=16"
    "memorysetup-bucket-allocator-bucket-count=8"
    "memorysetup-bucket-allocator-block-size=33554432"
    "memorysetup-bucket-allocator-block-count=8"
    "memorysetup-main-allocator-block-size=16777216"
    "memorysetup-thread-allocator-block-size=16777216"
    "memorysetup-gfx-main-allocator-block-size=16777216"
    "memorysetup-gfx-thread-allocator-block-size=16777216"
    "memorysetup-cache-allocator-block-size=4194304"
    "memorysetup-typetree-allocator-block-size=2097152"
    "memorysetup-profiler-bucket-allocator-granularity=16"
    "memorysetup-profiler-bucket-allocator-bucket-count=8"
    "memorysetup-profiler-bucket-allocator-block-size=33554432"
    "memorysetup-profiler-bucket-allocator-block-count=8"
    "memorysetup-profiler-allocator-block-size=16777216"
    "memorysetup-profiler-editor-allocator-block-size=1048576"
    "memorysetup-temp-allocator-size-main=16777216"
    "memorysetup-job-temp-allocator-block-size=2097152"
    "memorysetup-job-temp-allocator-block-size-background=1048576"
    "memorysetup-job-temp-allocator-reduction-small-platforms=262144"
    "memorysetup-allocator-temp-initial-block-size-main=262144"
    "memorysetup-allocator-temp-initial-block-size-worker=262144"
    "memorysetup-temp-allocator-size-background-worker=32768"
    "memorysetup-temp-allocator-size-job-worker=262144"
    "memorysetup-temp-allocator-size-preload-manager=33554432"
    "memorysetup-temp-allocator-size-nav-mesh-worker=65536"
    "memorysetup-temp-allocator-size-audio-worker=65536"
    "memorysetup-temp-allocator-size-cloud-worker=32768"
    "memorysetup-temp-allocator-size-gi-baking-worker=262144"
    "memorysetup-temp-allocator-size-gfx=262144"
Player connection [13268] Host "[IP] 192.168.1.96 [Port] 0 [Flags] 2 [Guid] 687987211 [EditorId] 687987211 [Version] 1048832 [Id] WindowsEditor(7,Geo) [Debug] 1 [PackageName] WindowsEditor [ProjectName] Editor" joined multi-casting on [225.0.0.222:54997]...

Player connection [13268] Host "[IP] 192.168.1.96 [Port] 0 [Flags] 2 [Guid] 687987211 [EditorId] 687987211 [Version] 1048832 [Id] WindowsEditor(7,Geo) [Debug] 1 [PackageName] WindowsEditor [ProjectName] Editor" joined alternative multi-casting on [225.0.0.222:34997]...

[Physics::Module] Initialized MultithreadedJobDispatcher with 15 workers.
Refreshing native plugins compatible for Editor in 22.62 ms, found 3 plugins.
Preloading 0 native plugins for Editor in 0.00 ms.
Initialize engine version: 2022.3.19f1 (244b723c30a6)
[Subsystems] Discovering subsystems at path C:/Program Files/Unity/Hub/Editor/2022.3.19f1/Editor/Data/Resources/UnitySubsystems
[Subsystems] Discovering subsystems at path C:/Users/geova/Documents/GitHub/GameDesignTwo/Assets
GfxDevice: creating device client; threaded=0; jobified=0
Direct3D:
    Version:  Direct3D 11.0 [level 11.1]
    Renderer: NVIDIA GeForce RTX 4060 (ID=0x2882)
    Vendor:   NVIDIA
    VRAM:     7957 MB
    Driver:   32.0.15.6094
Initialize mono
Mono path[0] = 'C:/Program Files/Unity/Hub/Editor/2022.3.19f1/Editor/Data/Managed'
Mono path[1] = 'C:/Program Files/Unity/Hub/Editor/2022.3.19f1/Editor/Data/MonoBleedingEdge/lib/mono/unityjit-win32'
Mono config path = 'C:/Program Files/Unity/Hub/Editor/2022.3.19f1/Editor/Data/MonoBleedingEdge/etc'
Using monoOptions --debugger-agent=transport=dt_socket,embedding=1,server=y,suspend=n,address=127.0.0.1:56008
Begin MonoManager ReloadAssembly
Registering precompiled unity dll's ...
Register platform support module: C:/Program Files/Unity/Hub/Editor/2022.3.19f1/Editor/Data/PlaybackEngines/WebGLSupport/UnityEditor.WebGL.Extensions.dll
Register platform support module: C:/Program Files/Unity/Hub/Editor/2022.3.19f1/Editor/Data/PlaybackEngines/WindowsStandaloneSupport/UnityEditor.WindowsStandalone.Extensions.dll
Registered in 0.009161 seconds.
- Loaded All Assemblies, in  0.306 seconds
Native extension for WindowsStandalone target not found
Native extension for WebGL target not found
Mono: successfully reloaded assembly
- Finished resetting the current domain, in  0.223 seconds
Domain Reload Profiling: 528ms
	BeginReloadAssembly (101ms)
		ExecutionOrderSort (0ms)
		DisableScriptedObjects (0ms)
		BackupInstance (0ms)
		ReleaseScriptingObjects (0ms)
		CreateAndSetChildDomain (1ms)
	RebuildCommonClasses (26ms)
	RebuildNativeTypeToScriptingClass (8ms)
	initialDomainReloadingComplete (50ms)
	LoadAllAssembliesAndSetupDomain (119ms)
		LoadAssemblies (99ms)
		RebuildTransferFunctionScriptingTraits (0ms)
		AnalyzeDomain (117ms)
			TypeCache.Refresh (116ms)
				TypeCache.ScanAssembly (105ms)
			ScanForSourceGeneratedMonoScriptInfo (0ms)
			ResolveRequiredComponents (0ms)
	FinalizeReload (223ms)
		ReleaseScriptCaches (0ms)
		RebuildScriptCaches (0ms)
		SetupLoadedEditorAssemblies (174ms)
			LogAssemblyErrors (0ms)
			InitializePlatformSupportModulesInManaged (9ms)
			SetLoadedEditorAssemblies (4ms)
			RefreshPlugins (0ms)
			BeforeProcessingInitializeOnLoad (2ms)
			ProcessInitializeOnLoadAttributes (120ms)
			ProcessInitializeOnLoadMethodAttributes (39ms)
			AfterProcessingInitializeOnLoad (0ms)
			EditorAssembliesLoaded (0ms)
		ExecutionOrderSort2 (0ms)
		AwakeInstancesAfterBackupRestoration (0ms)
========================================================================
Worker process is ready to serve import requests
Begin MonoManager ReloadAssembly
- Loaded All Assemblies, in  0.568 seconds
Refreshing native plugins compatible for Editor in 3.02 ms, found 3 plugins.
Native extension for WindowsStandalone target not found
Native extension for WebGL target not found
Package Manager log level set to [2]
[Package Manager] Server::EnsureServerProcessIsRunning -- launch failed, reason: Unity was launched with the -noUpm command-line argument
[Package Manager] UpmClient::Send -- Unable to send message (not connected to UPM process).
[Package Manager] Cannot connect to Unity Package Manager local server
Mono: successfully reloaded assembly
- Finished resetting the current domain, in  0.573 seconds
Domain Reload Profiling: 1137ms
	BeginReloadAssembly (116ms)
		ExecutionOrderSort (0ms)
		DisableScriptedObjects (4ms)
		BackupInstance (0ms)
		ReleaseScriptingObjects (0ms)
		CreateAndSetChildDomain (15ms)
	RebuildCommonClasses (24ms)
	RebuildNativeTypeToScriptingClass (8ms)
	initialDomainReloadingComplete (34ms)
	LoadAllAssembliesAndSetupDomain (382ms)
		LoadAssemblies (301ms)
		RebuildTransferFunctionScriptingTraits (0ms)
		AnalyzeDomain (152ms)
			TypeCache.Refresh (132ms)
				TypeCache.ScanAssembly (121ms)
			ScanForSourceGeneratedMonoScriptInfo (15ms)
			ResolveRequiredComponents (3ms)
	FinalizeReload (573ms)
		ReleaseScriptCaches (0ms)
		RebuildScriptCaches (0ms)
		SetupLoadedEditorAssemblies (454ms)
			LogAssemblyErrors (0ms)
			InitializePlatformSupportModulesInManaged (6ms)
			SetLoadedEditorAssemblies (2ms)
			RefreshPlugins (0ms)
			BeforeProcessingInitializeOnLoad (53ms)
			ProcessInitializeOnLoadAttributes (373ms)
			ProcessInitializeOnLoadMethodAttributes (15ms)
			AfterProcessingInitializeOnLoad (6ms)
			EditorAssembliesLoaded (0ms)
		ExecutionOrderSort2 (0ms)
		AwakeInstancesAfterBackupRestoration (5ms)
Launched and connected shader compiler UnityShaderCompiler.exe after 0.03 seconds
Refreshing native plugins compatible for Editor in 4.37 ms, found 3 plugins.
Preloading 0 native plugins for Editor in 0.00 ms.
Unloading 4060 Unused Serialized files (Serialized files now loaded: 0)
Unloading 57 unused Assets / (1.8 MB). Loaded Objects now: 4515.
Memory consumption went from 167.9 MB to 166.1 MB.
Total: 4.446600 ms (FindLiveObjects: 0.346300 ms CreateObjectMapping: 0.230100 ms MarkObjects: 3.431000 ms  DeleteObjects: 0.437300 ms)

AssetImportParameters requested are different than current active one (requested -> active):
  custom:container-demuxer-ogg: 62fdf1f143b41e24485cea50d1cbac27 -> 
  custom:video-codec-MediaFoundation-h265: 746d11721c4dcdbdad8f713fa42b33f4 -> 
  custom:video-decoder-ogg-theora: a1e56fd34408186e4bbccfd4996cb3dc -> 
  custom:framework-win-MediaFoundation: 216162199b28c13a410421893ffa2e32 -> 
  custom:CustomObjectIndexerAttribute: 6d391050e5a25f67b0a2c618074f2cd9 -> 
  custom:container-demuxer-webm: 4f35f7cbe854078d1ac9338744f61a02 -> 
  custom:container-muxer-webm: aa71ff27fc2769a1b78a27578f13a17b -> 
  custom:video-decoder-webm-vp8: 9c59270c3fd7afecdb556c50c9e8de78 -> 
  custom:SearchIndexIgnoredProperties: e643bd26f0fe6173181afceb89e7c659 -> 
  custom:AudioImporter_EditorPlatform: d09bf68614088b80899f8185d706f6e7 -> 
  custom:video-encoder-webm-vp8: eb34c28f22e8b96e1ab97ce403110664 -> 
  custom:audio-decoder-ogg-vorbis: bf7c407c2cedff20999df2af8eb42d56 -> 
  custom:audio-encoder-webm-vorbis: bf7c407c2cedff20999df2af8eb42d56 -> 
========================================================================
Received Import Request.
  Time since last request: 1322173.587671 seconds.
  path: Assets/TexturesPart01/textures
  artifactKey: Guid(b6bedbbaea345ec4e937fcbaadaa66f2) Importer(815301076,1909f56bfc062723c751e8b465ee728b)
Start importing Assets/TexturesPart01/textures using Guid(b6bedbbaea345ec4e937fcbaadaa66f2) Importer(815301076,1909f56bfc062723c751e8b465ee728b)  -> (artifact id: '20fe96168b9ceac98e42245a486075d9') in 0.002174 seconds
Number of updated asset objects reloaded before import = 0
Number of asset objects unloaded after import = 0
========================================================================
Received Import Request.
  Time since last request: 0.046720 seconds.
  path: Assets/TexturesPart01/textures/asphalt_01.png
  artifactKey: Guid(7b64cbe21e6ab8647b39bc64515b5c69) Importer(815301076,1909f56bfc062723c751e8b465ee728b)
Start importing Assets/TexturesPart01/textures/asphalt_01.png using Guid(7b64cbe21e6ab8647b39bc64515b5c69) Importer(815301076,1909f56bfc062723c751e8b465ee728b)  -> (artifact id: 'da93cdbfd017ef3388ba37eb919c1fc5') in 0.058760 seconds
Number of updated asset objects reloaded before import = 0
Number of asset objects unloaded after import = 2
========================================================================
Received Import Request.
  Time since last request: 0.000014 seconds.
  path: Assets/TexturesPart01/textures/asphalt_03.png
  artifactKey: Guid(e37ca78d251f32e4d93b913ad180bd91) Importer(815301076,1909f56bfc062723c751e8b465ee728b)
Start importing Assets/TexturesPart01/textures/asphalt_03.png using Guid(e37ca78d251f32e4d93b913ad180bd91) Importer(815301076,1909f56bfc062723c751e8b465ee728b)  -> (artifact id: '3ddc23e8a0ad03e2f052df4fd4310f5c') in 0.020862 seconds
Number of updated asset objects reloaded before import = 0
Number of asset objects unloaded after import = 2
========================================================================
Received Import Request.
  Time since last request: 0.498712 seconds.
  path: Assets/TexturesPart01/textures/asphalt_03_NRM.png
  artifactKey: Guid(4d97a3cc8e5cc544b95fededcc834b88) Importer(815301076,1909f56bfc062723c751e8b465ee728b)
Start importing Assets/TexturesPart01/textures/asphalt_03_NRM.png using Guid(4d97a3cc8e5cc544b95fededcc834b88) Importer(815301076,1909f56bfc062723c751e8b465ee728b)  -> (artifact id: '5bc553485ea231fd854acb002ba97ace') in 0.046379 seconds
Number of updated asset objects reloaded before import = 0
Number of asset objects unloaded after import = 2
========================================================================
Received Import Request.
  Time since last request: 0.000015 seconds.
  path: Assets/TexturesPart01/textures/brick_01_NRM.png
  artifactKey: Guid(072f1687179b64d45827c986e57ee11d) Importer(815301076,1909f56bfc062723c751e8b465ee728b)
Start importing Assets/TexturesPart01/textures/brick_01_NRM.png using Guid(072f1687179b64d45827c986e57ee11d) Importer(815301076,1909f56bfc062723c751e8b465ee728b)  -> (artifact id: 'a472f51b229f6eccc2395ab32cffadc8') in 0.020354 seconds
Number of updated asset objects reloaded before import = 0
Number of asset objects unloaded after import = 2
========================================================================
Received Import Request.
  Time since last request: 0.182047 seconds.
  path: Assets/TexturesPart01/textures/brick_02.png
  artifactKey: Guid(9b61fc3343ec8284788b892d495dd5e4) Importer(815301076,1909f56bfc062723c751e8b465ee728b)
Start importing Assets/TexturesPart01/textures/brick_02.png using Guid(9b61fc3343ec8284788b892d495dd5e4) Importer(815301076,1909f56bfc062723c751e8b465ee728b)  -> (artifact id: '22ef7e56959d108a8591d675ceb591d4') in 0.020955 seconds
Number of updated asset objects reloaded before import = 0
Number of asset objects unloaded after import = 2
========================================================================
Received Import Request.
  Time since last request: 0.195001 seconds.
  path: Assets/TexturesPart01/textures/brick_02_NRM.png
  artifactKey: Guid(a84959d43e1cf8f4694a47cd7de585de) Importer(815301076,1909f56bfc062723c751e8b465ee728b)
Start importing Assets/TexturesPart01/textures/brick_02_NRM.png using Guid(a84959d43e1cf8f4694a47cd7de585de) Importer(815301076,1909f56bfc062723c751e8b465ee728b)  -> (artifact id: '49553adf518f921c43e409a049a6855b') in 0.020681 seconds
Number of updated asset objects reloaded before import = 0
Number of asset objects unloaded after import = 2
========================================================================
Received Import Request.
  Time since last request: 0.013475 seconds.
  path: Assets/TexturesPart01/textures/brick_03.png
  artifactKey: Guid(baf25f9d275b11941ba493d1bf57a115) Importer(815301076,1909f56bfc062723c751e8b465ee728b)
Start importing Assets/TexturesPart01/textures/brick_03.png using Guid(baf25f9d275b11941ba493d1bf57a115) Importer(815301076,1909f56bfc062723c751e8b465ee728b)  -> (artifact id: 'fc9bed9325f67d2a8fb21d5c03cc75ed') in 0.016047 seconds
Number of updated asset objects reloaded before import = 0
Number of asset objects unloaded after import = 2
========================================================================
Received Import Request.
  Time since last request: 0.228327 seconds.
  path: Assets/TexturesPart01/textures/brick_03_NRM.png
  artifactKey: Guid(932861f93909c8b4e8f389b28a094f45) Importer(815301076,1909f56bfc062723c751e8b465ee728b)
Start importing Assets/TexturesPart01/textures/brick_03_NRM.png using Guid(932861f93909c8b4e8f389b28a094f45) Importer(815301076,1909f56bfc062723c751e8b465ee728b)  -> (artifact id: '88620eddd063284228dbae2b3530df71') in 0.016090 seconds
Number of updated asset objects reloaded before import = 0
Number of asset objects unloaded after import = 2
========================================================================
Received Import Request.
  Time since last request: 0.014237 seconds.
  path: Assets/TexturesPart01/textures/brick_04.png
  artifactKey: Guid(431a0919e40210e438740274a880d394) Importer(815301076,1909f56bfc062723c751e8b465ee728b)
Start importing Assets/TexturesPart01/textures/brick_04.png using Guid(431a0919e40210e438740274a880d394) Importer(815301076,1909f56bfc062723c751e8b465ee728b)  -> (artifact id: 'b30c300dd9530220bf09da46e8f6012b') in 0.016260 seconds
Number of updated asset objects reloaded before import = 0
Number of asset objects unloaded after import = 2
========================================================================
Received Import Request.
  Time since last request: 0.004552 seconds.
  path: Assets/TexturesPart01/textures/brick_04_NRM.png
  artifactKey: Guid(b54445743a50be043a6fc7616362ced0) Importer(815301076,1909f56bfc062723c751e8b465ee728b)
Start importing Assets/TexturesPart01/textures/brick_04_NRM.png using Guid(b54445743a50be043a6fc7616362ced0) Importer(815301076,1909f56bfc062723c751e8b465ee728b)  -> (artifact id: '2d51de0ed85f34e3f41d3fb56e72c185') in 0.017200 seconds
Number of updated asset objects reloaded before import = 0
Number of asset objects unloaded after import = 2
========================================================================
Received Import Request.
  Time since last request: 0.185060 seconds.
  path: Assets/TexturesPart01/textures/brick_broken_01.png
  artifactKey: Guid(b8899a33cc26d234596f0a8b50357331) Importer(815301076,1909f56bfc062723c751e8b465ee728b)
Start importing Assets/TexturesPart01/textures/brick_broken_01.png using Guid(b8899a33cc26d234596f0a8b50357331) Importer(815301076,1909f56bfc062723c751e8b465ee728b)  -> (artifact id: '0275f9a05b5aa9d520a4107ba6ad086f') in 0.017022 seconds
Number of updated asset objects reloaded before import = 0
Number of asset objects unloaded after import = 2
========================================================================
Received Import Request.
  Time since last request: 0.014011 seconds.
  path: Assets/TexturesPart01/textures/brick_broken_01_NRM.png
  artifactKey: Guid(82e1caf18ed722c408499cb0aeb2d248) Importer(815301076,1909f56bfc062723c751e8b465ee728b)
Start importing Assets/TexturesPart01/textures/brick_broken_01_NRM.png using Guid(82e1caf18ed722c408499cb0aeb2d248) Importer(815301076,1909f56bfc062723c751e8b465ee728b)  -> (artifact id: '7cdae05abf9a2130b0a4df5e45597aff') in 0.022467 seconds
Number of updated asset objects reloaded before import = 0
Number of asset objects unloaded after import = 2
========================================================================
Received Import Request.
  Time since last request: 0.134447 seconds.
  path: Assets/TexturesPart01/textures/grass01.png
  artifactKey: Guid(7eace487c14d94f4180ea9621885296c) Importer(815301076,1909f56bfc062723c751e8b465ee728b)
Start importing Assets/TexturesPart01/textures/grass01.png using Guid(7eace487c14d94f4180ea9621885296c) Importer(815301076,1909f56bfc062723c751e8b465ee728b)  -> (artifact id: '3f6842ade36cb6a2aa78439dfca26181') in 0.023937 seconds
Number of updated asset objects reloaded before import = 0
Number of asset objects unloaded after import = 2
========================================================================
Received Import Request.
  Time since last request: 0.006907 seconds.
  path: Assets/TexturesPart01/textures/grass01_NRM.png
  artifactKey: Guid(fb1942dee3dc13540bfad84da8f2cbf4) Importer(815301076,1909f56bfc062723c751e8b465ee728b)
Start importing Assets/TexturesPart01/textures/grass01_NRM.png using Guid(fb1942dee3dc13540bfad84da8f2cbf4) Importer(815301076,1909f56bfc062723c751e8b465ee728b)  -> (artifact id: 'c3302bac30f3f1bffb259fc6f0d222bc') in 0.019508 seconds
Number of updated asset objects reloaded before import = 0
Number of asset objects unloaded after import = 2
========================================================================
Received Import Request.
  Time since last request: 0.168203 seconds.
  path: Assets/TexturesPart01/textures/grass02_NRM.png
  artifactKey: Guid(43a2174fbe4ea0745b72df6e95a4e3bb) Importer(815301076,1909f56bfc062723c751e8b465ee728b)
Start importing Assets/TexturesPart01/textures/grass02_NRM.png using Guid(43a2174fbe4ea0745b72df6e95a4e3bb) Importer(815301076,1909f56bfc062723c751e8b465ee728b)  -> (artifact id: '8acbb0ad191eed33bd110d5075fe04b8') in 0.019912 seconds
Number of updated asset objects reloaded before import = 0
Number of asset objects unloaded after import = 2
========================================================================
Received Import Request.
  Time since last request: 0.188176 seconds.
  path: Assets/TexturesPart01/textures/ground_01_NRM.png
  artifactKey: Guid(4b4f8c2efe8707641a952c72204432b3) Importer(815301076,1909f56bfc062723c751e8b465ee728b)
Start importing Assets/TexturesPart01/textures/ground_01_NRM.png using Guid(4b4f8c2efe8707641a952c72204432b3) Importer(815301076,1909f56bfc062723c751e8b465ee728b)  -> (artifact id: '1cf82bc56d7c51a6880c016c0958409c') in 0.017710 seconds
Number of updated asset objects reloaded before import = 0
Number of asset objects unloaded after import = 2
========================================================================
Received Import Request.
  Time since last request: 0.167065 seconds.
  path: Assets/TexturesPart01/textures/ground_02_NRM.png
  artifactKey: Guid(a5787585950233246ae16b059c824d43) Importer(815301076,1909f56bfc062723c751e8b465ee728b)
Start importing Assets/TexturesPart01/textures/ground_02_NRM.png using Guid(a5787585950233246ae16b059c824d43) Importer(815301076,1909f56bfc062723c751e8b465ee728b)  -> (artifact id: '643cb85fafde5d93c3fd0049860813f9') in 0.017617 seconds
Number of updated asset objects reloaded before import = 0
Number of asset objects unloaded after import = 2
========================================================================
Received Import Request.
  Time since last request: 0.014653 seconds.
  path: Assets/TexturesPart01/textures/ground_03_NRM.png
  artifactKey: Guid(d79b45fcc7856dd498bf97eb29c3b765) Importer(815301076,1909f56bfc062723c751e8b465ee728b)
Start importing Assets/TexturesPart01/textures/ground_03_NRM.png using Guid(d79b45fcc7856dd498bf97eb29c3b765) Importer(815301076,1909f56bfc062723c751e8b465ee728b)  -> (artifact id: '43057e06b74067ecd5de0c5bc61bb3a8') in 0.019464 seconds
Number of updated asset objects reloaded before import = 0
Number of asset objects unloaded after import = 2
========================================================================
Received Import Request.
  Time since last request: 0.161929 seconds.
  path: Assets/TexturesPart01/textures/ground_04.png
  artifactKey: Guid(373fb5a4630deca44ae7cb92f7b647a2) Importer(815301076,1909f56bfc062723c751e8b465ee728b)
Start importing Assets/TexturesPart01/textures/ground_04.png using Guid(373fb5a4630deca44ae7cb92f7b647a2) Importer(815301076,1909f56bfc062723c751e8b465ee728b)  -> (artifact id: 'c3b789ccbc3151a1b77427fb05bf46db') in 0.015946 seconds
Number of updated asset objects reloaded before import = 0
Number of asset objects unloaded after import = 2
Editor requested this worker to shutdown with reason: Scaling down because of idle timeout
TcpMessagingSession - receive error: operation aborted. errorcode: 995, details: The I/O operation has been aborted because of either a thread exit or an application request.
AssetImportWorker is now disconnected from the server
Process exiting
Exiting without the bug reporter. Application will terminate with return code 0